13:39:34.403 [DEBUG] [org.gradle.launcher.daemon.bootstrap.DaemonMain] Assuming the daemon was started with following jvm opts: [-XX:MaxPermSize=256m, -XX:+HeapDumpOnOutOfMemoryError, -Xmx1024m, -Dfile.encoding=UTF-8, -Duser.country=US, -Duser.language=en, -Duser.variant]
13:39:34.471 [INFO] [org.gradle.launcher.daemon.server.health.gc.GarbageCollectionMonitor] Unable to determine a garbage collection monitoring strategy for JVMStrategy{Oracle Corporation version 1.8.0_131}
13:39:34.535 [INFO] [org.gradle.launcher.daemon.server.Daemon] start() called on daemon - DefaultDaemonContext[uid=c7ae641c-51eb-4596-9d5c-c20689ddb693,javaHome=/usr/lib/jvm/java-8-openjdk-amd64,daemonRegistryDir=/root/.gradle/daemon,pid=1314,idleTimeout=10800000,daemonOpts=-XX:MaxPermSize=256m,-XX:+HeapDumpOnOutOfMemoryError,-Xmx1024m,-Dfile.encoding=UTF-8,-Duser.country=US,-Duser.language=en,-Duser.variant]
13:39:34.549 [DEBUG] [org.gradle.internal.remote.internal.inet.InetAddresses] Adding IP addresses for network interface eth0
13:39:34.550 [DEBUG] [org.gradle.internal.remote.internal.inet.InetAddresses] Is this a loopback interface? false
13:39:34.551 [DEBUG] [org.gradle.internal.remote.internal.inet.InetAddresses] Is this a multicast interface? true
13:39:34.551 [DEBUG] [org.gradle.internal.remote.internal.inet.InetAddresses] Adding remote address /fe80:0:0:0:42:acff:fe11:2%eth0
13:39:34.553 [DEBUG] [org.gradle.internal.remote.internal.inet.InetAddresses] Adding remote address /172.17.0.2
13:39:34.554 [DEBUG] [org.gradle.internal.remote.internal.inet.InetAddresses] Adding remote multicast interface eth0
13:39:34.554 [DEBUG] [org.gradle.internal.remote.internal.inet.InetAddresses] Adding IP addresses for network interface lo
13:39:34.555 [DEBUG] [org.gradle.internal.remote.internal.inet.InetAddresses] Is this a loopback interface? true
13:39:34.555 [DEBUG] [org.gradle.internal.remote.internal.inet.InetAddresses] Is this a multicast interface? false
13:39:34.556 [DEBUG] [org.gradle.internal.remote.internal.inet.InetAddresses] Adding loopback address /0:0:0:0:0:0:0:1%lo
13:39:34.560 [DEBUG] [org.gradle.internal.remote.internal.inet.InetAddresses] Adding loopback address /127.0.0.1
13:39:34.563 [DEBUG] [org.gradle.internal.remote.internal.inet.TcpIncomingConnector] Listening on [b7a8fb06-393c-4c39-8f14-6fb4ecdb66ee port:43816, addresses:[/0:0:0:0:0:0:0:1%lo, /127.0.0.1]].
13:39:34.566 [DEBUG] [org.gradle.launcher.daemon.server.Daemon] Daemon starting at: Tue May 23 13:39:34 UTC 2017, with address: [b7a8fb06-393c-4c39-8f14-6fb4ecdb66ee port:43816, addresses:[/0:0:0:0:0:0:0:1%lo, /127.0.0.1]]
13:39:34.567 [INFO] [org.gradle.launcher.daemon.server.DaemonRegistryUpdater] Advertising the daemon address to the clients: [b7a8fb06-393c-4c39-8f14-6fb4ecdb66ee port:43816, addresses:[/0:0:0:0:0:0:0:1%lo, /127.0.0.1]]
13:39:34.568 [DEBUG] [org.gradle.launcher.daemon.server.DaemonRegistryUpdater] Advertised daemon context: DefaultDaemonContext[uid=c7ae641c-51eb-4596-9d5c-c20689ddb693,javaHome=/usr/lib/jvm/java-8-openjdk-amd64,daemonRegistryDir=/root/.gradle/daemon,pid=1314,idleTimeout=10800000,daemonOpts=-XX:MaxPermSize=256m,-XX:+HeapDumpOnOutOfMemoryError,-Xmx1024m,-Dfile.encoding=UTF-8,-Duser.country=US,-Duser.language=en,-Duser.variant]
13:39:34.569 [DEBUG] [org.gradle.launcher.daemon.registry.PersistentDaemonRegistry] Storing daemon address: [b7a8fb06-393c-4c39-8f14-6fb4ecdb66ee port:43816, addresses:[/0:0:0:0:0:0:0:1%lo, /127.0.0.1]], context: DefaultDaemonContext[uid=c7ae641c-51eb-4596-9d5c-c20689ddb693,javaHome=/usr/lib/jvm/java-8-openjdk-amd64,daemonRegistryDir=/root/.gradle/daemon,pid=1314,idleTimeout=10800000,daemonOpts=-XX:MaxPermSize=256m,-XX:+HeapDumpOnOutOfMemoryError,-Xmx1024m,-Dfile.encoding=UTF-8,-Duser.country=US,-Duser.language=en,-Duser.variant]
13:39:34.579 [DEBUG] [org.gradle.cache.internal.DefaultFileLockManager] Waiting to acquire exclusive lock on daemon addresses registry.
13:39:34.583 [DEBUG] [org.gradle.cache.internal.DefaultFileLockManager] Lock acquired.
13:39:34.591 [DEBUG] [org.gradle.cache.internal.DefaultFileLockManager] Releasing lock on daemon addresses registry.
13:39:34.592 [LIFECYCLE] [org.gradle.launcher.daemon.server.Daemon] Daemon server started.
13:39:34.611 [DEBUG] [org.gradle.launcher.daemon.bootstrap.DaemonStartupCommunication] Completed writing the daemon greeting. Closing streams...
13:39:34.716 [DEBUG] [org.gradle.internal.remote.internal.inet.TcpIncomingConnector] Accepted connection from /0:0:0:0:0:0:0:1:35872 to /0:0:0:0:0:0:0:1:43816.
13:39:35.014 [DEBUG] [org.gradle.launcher.daemon.server.Daemon] stopOnExpiration() called on daemon
13:39:35.030 [DEBUG] [org.gradle.launcher.daemon.server.Daemon] awaitExpiration() called on daemon
13:39:35.031 [DEBUG] [org.gradle.launcher.daemon.server.DaemonStateCoordinator] daemon is running. Sleeping until state changes.
13:39:35.188 [DEBUG] [org.gradle.launcher.daemon.server.SynchronizedDispatchConnection] thread 12: received class org.gradle.launcher.daemon.protocol.Build
13:39:35.188 [DEBUG] [org.gradle.launcher.daemon.server.DefaultDaemonConnection] thread 12: Received non-IO message from client: Build{id=94794d90-53fe-4818-89b0-2cbe95f03c0a.1, currentDir=/bitrise/src}
13:39:35.194 [INFO] [org.gradle.launcher.daemon.server.DefaultIncomingConnectionHandler] Received command: Build{id=94794d90-53fe-4818-89b0-2cbe95f03c0a.1, currentDir=/bitrise/src}.
13:39:35.195 [DEBUG] [org.gradle.launcher.daemon.server.DefaultIncomingConnectionHandler] Starting executing command: Build{id=94794d90-53fe-4818-89b0-2cbe95f03c0a.1, currentDir=/bitrise/src} with connection: socket connection from /0:0:0:0:0:0:0:1:43816 to /0:0:0:0:0:0:0:1:35872.
13:39:35.201 [ERROR] [org.gradle.launcher.daemon.server.DaemonStateCoordinator] Command execution: started DaemonCommandExecution[command = Build{id=94794d90-53fe-4818-89b0-2cbe95f03c0a.1, currentDir=/bitrise/src}, connection = DefaultDaemonConnection: socket connection from /0:0:0:0:0:0:0:1:43816 to /0:0:0:0:0:0:0:1:35872] after 0.0 minutes of idle
13:39:35.202 [INFO] [org.gradle.launcher.daemon.server.DaemonRegistryUpdater] Marking the daemon as busy, address: [b7a8fb06-393c-4c39-8f14-6fb4ecdb66ee port:43816, addresses:[/0:0:0:0:0:0:0:1%lo, /127.0.0.1]]
13:39:35.202 [DEBUG] [org.gradle.launcher.daemon.registry.PersistentDaemonRegistry] Marking busy by address: [b7a8fb06-393c-4c39-8f14-6fb4ecdb66ee port:43816, addresses:[/0:0:0:0:0:0:0:1%lo, /127.0.0.1]]
13:39:35.203 [DEBUG] [org.gradle.cache.internal.DefaultFileLockManager] Waiting to acquire exclusive lock on daemon addresses registry.
13:39:35.203 [DEBUG] [org.gradle.cache.internal.DefaultFileLockManager] Lock acquired.
13:39:35.205 [DEBUG] [org.gradle.cache.internal.DefaultFileLockManager] Releasing lock on daemon addresses registry.
13:39:35.205 [DEBUG] [org.gradle.launcher.daemon.server.DaemonStateCoordinator] resetting idle timer
13:39:35.208 [DEBUG] [org.gradle.launcher.daemon.server.DaemonStateCoordinator] daemon is running. Sleeping until state changes.
13:39:35.215 [INFO] [org.gradle.launcher.daemon.server.exec.StartBuildOrRespondWithBusy] Daemon is about to start building Build{id=94794d90-53fe-4818-89b0-2cbe95f03c0a.1, currentDir=/bitrise/src}. Dispatching build started information...
13:39:35.216 [DEBUG] [org.gradle.launcher.daemon.server.SynchronizedDispatchConnection] thread 15: dispatching class org.gradle.launcher.daemon.protocol.BuildStarted
13:39:35.244 [DEBUG] [org.gradle.launcher.daemon.server.exec.EstablishBuildEnvironment] Configuring env variables: {GIT_CLONE_COMMIT_COMMITER_EMAIL=moxie@thoughtcrime.org, PATH=/root/.bitrise/tools:/go/bin:/usr/local/sbin:/usr/local/bin:/usr/sbin:/usr/bin:/sbin:/bin:/usr/local/go/bin:/opt/android-sdk-linux/tools:/opt/android-sdk-linux/tools/bin:/opt/android-sdk-linux/platform-tools:/opt/android-ndk, GIT_CLONE_COMMIT_AUTHOR_NAME=Moxie Marlinspike, PR=false, BITRISE_DEPLOY_DIR=/bitrise/deploy, mapping_file_exclude_filter=, ANDROID_HOME=/opt/android-sdk-linux, GIT_CLONE_COMMIT_MESSAGE_SUBJECT=Bump version to 4.6.0, BITRISE_PROVISION_URL=https://s3-us-west-2.amazonaws.com/concrete-core-production/cert-profiles/BuildAnything.mobileprovision, TOOL_VER_DOCKER_COMPOSE=1.11.2, LD_LIBRARY_PATH=:/opt/android-sdk-linux/tools/lib64, BITRISE_IO=true, ANDROID_NDK_VERSION=r14b, BITRISE_STEP_FORMATTED_OUTPUT_FILE_PATH=/tmp/bitrise530352885/formatted_output.md, BITRISE_SOURCE_DIR=/bitrise/src, GIT_CLONE_COMMIT_MESSAGE_BODY=// FREEBIE
, PWD=/bitrise/src, BITRISE_PREP_DIR=/bitrise/prep, BITRISE_CACHE_API_URL=https://bitrise-build-cache.herokuapp.com/cache/d9eb4189ce2950ca/O6-0ym3-BJo6J0nIgRRWUA, LOGLEVEL=info, BITRISE_GIT_MESSAGE=test git based cache, GCLOUD_SDK_CONFIG=/usr/lib/google-cloud-sdk/lib/googlecloudsdk/core/config.json, LANGUAGE=en_US.UTF-8, BITRISE_BUILD_NUMBER=66, apk_file_exclude_filter=*-unaligned.apk, ANDROID_NDK_HOME=/opt/android-ndk, BITRISE_BUILD_TRIGGER_TIMESTAMP=1495546664, GIT_CLONE_COMMIT_AUTHOR_EMAIL=moxie@thoughtcrime.org, GOPATH=/go, OLDPWD=/bitrise/src, BITRISE_TRIGGERED_WORKFLOW_ID=custom-cache, GIT_CLONE_COMMIT_COMMITER_NAME=Moxie Marlinspike, BITRISE_TRIGGERED_WORKFLOW_TITLE=custom-cache, BITRISE_CACHE_DIR=/bitrise/cache, LC_ALL=en_US.UTF-8, BITRISE_BUILD_STATUS=0, SHLVL=0, gradlew_path=./gradlew, BITRISE_APP_URL=https://www.bitrise.io/app/f555a364cd3c8a65, QT_QPA_PLATFORM=offscreen, BITRISE_CERTIFICATE_URL=https://s3-us-west-2.amazonaws.com/concrete-core-production/cert-profiles/Certificates.p12, TOOL_VER_DOCKER=17.03.1, ENVMAN_ENVSTORE_PATH=/tmp/bitrise530352885/output_envstore.yml, TOOL_VER_RUBY=2.4.1, LANG=en_US.UTF-8, BITRISE_DOCKER_REV_NUMBER_ANDROID=v2017_05_10_1, BITRISE_BUILD_API_TOKEN=O6-0ym3-BJo6J0nIgRRWUA, GIT_CLONE_COMMIT_HASH=15df691017a308cb5bdbef4de90d4657ceafaadd, BITRISE_GIT_BRANCH=master, mapping_file_include_filter=*/mapping.txt, apk_file_include_filter=*.apk, BITRISE_DOCKER_REV_NUMBER_ANDROID_NDK=v2017_03_29_1, GIT_REPOSITORY_URL=https://github.com/WhisperSystems/Signal-Android.git, TOOL_VER_GO=1.8.1, BITRISE_DOCKER_REV_NUMBER_BASE=v2017_05_11_1, CI=true, BITRISE_APP_TITLE=cache-performance, BITRISE_BUILD_URL=https://www.bitrise.io/build/d9eb4189ce2950ca, BITRISE_BUILD_SLUG=d9eb4189ce2950ca, gradle_options=--stacktrace, HOSTNAME=90e136ca712d, TOOL_VER_BITRISE_CLI=1.6.1, gradle_file=build.gradle, BITRISE_CERTIFICATE_PASSPHRASE=Concrete, STEPLIB_BUILD_STATUS=0, gradle_task=assembleDebug, HOME=/root, BITRISE_APP_SLUG=f555a364cd3c8a65, BITRISE_BRIDGE_WORKDIR=/bitrise/src}
13:39:35.260 [DEBUG] [org.gradle.launcher.daemon.server.SynchronizedDispatchConnection] thread 12: received class org.gradle.launcher.daemon.protocol.CloseInput
13:39:35.261 [DEBUG] [org.gradle.launcher.daemon.server.DefaultDaemonConnection] thread 12: Received IO message from client: org.gradle.launcher.daemon.protocol.CloseInput@5308a904
13:39:35.268 [DEBUG] [org.gradle.launcher.daemon.server.exec.LogToClient] About to start relaying all logs to the client via the connection.
13:39:35.269 [INFO] [org.gradle.launcher.daemon.server.exec.LogToClient] The client will now receive all logging from the daemon (pid: 1314). The daemon log file: /root/.gradle/daemon/3.3/daemon-1314.out.log
13:39:35.286 [INFO] [org.gradle.launcher.daemon.server.exec.LogAndCheckHealth] Starting build in new daemon [memory: 954.7 MB]
13:39:35.295 [DEBUG] [org.gradle.launcher.daemon.server.exec.ExecuteBuild] The daemon has started executing the build.
13:39:35.295 [INFO] [org.gradle.launcher.daemon.server.exec.ExecuteBuild] Executing build with daemon context: DefaultDaemonContext[uid=c7ae641c-51eb-4596-9d5c-c20689ddb693,javaHome=/usr/lib/jvm/java-8-openjdk-amd64,daemonRegistryDir=/root/.gradle/daemon,pid=1314,idleTimeout=10800000,daemonOpts=-XX:MaxPermSize=256m,-XX:+HeapDumpOnOutOfMemoryError,-Xmx1024m,-Dfile.encoding=UTF-8,-Duser.country=US,-Duser.language=en,-Duser.variant]
13:39:35.297 [INFO] [org.gradle.launcher.daemon.server.exec.ForwardClientInput] Closing daemon's stdin at end of input.
13:39:35.298 [INFO] [org.gradle.launcher.daemon.server.exec.ForwardClientInput] The daemon will no longer process any standard input.
13:39:35.723 [INFO] [org.gradle.cache.internal.DefaultCacheAccess] Creating new cache for plugin-use-metadata, path /root/.gradle/caches/3.3/plugin-resolution/plugin-use-metadata.bin, access org.gradle.cache.internal.DefaultCacheAccess@2d41e5bc
13:39:35.733 [INFO] [org.gradle.cache.internal.DefaultCacheAccess] Creating new cache for client-status, path /root/.gradle/caches/3.3/plugin-resolution/client-status.bin, access org.gradle.cache.internal.DefaultCacheAccess@2d41e5bc
Download https://jcenter.bintray.com/com/android/tools/build/gradle/2.3.0/gradle-2.3.0.pom
Download https://jcenter.bintray.com/com/android/tools/build/gradle-core/2.3.0/gradle-core-2.3.0.pom
Download https://jcenter.bintray.com/com/android/tools/build/builder/2.3.0/builder-2.3.0.pom
Download https://jcenter.bintray.com/com/android/tools/lint/lint/25.3.0/lint-25.3.0.pom
Download https://jcenter.bintray.com/com/android/tools/build/transform-api/2.0.0-deprecated-use-gradle-api/transform-api-2.0.0-deprecated-use-gradle-api.pom
Download https://jcenter.bintray.com/com/android/tools/build/gradle-api/2.3.0/gradle-api-2.3.0.pom
Download https://jcenter.bintray.com/com/android/databinding/compilerCommon/2.3.0/compilerCommon-2.3.0.pom
Download https://jcenter.bintray.com/org/ow2/asm/asm/5.0.4/asm-5.0.4.pom
Download https://jcenter.bintray.com/org/ow2/asm/asm-parent/5.0.4/asm-parent-5.0.4.pom
Download https://jcenter.bintray.com/org/ow2/ow2/1.3/ow2-1.3.pom
Download https://jcenter.bintray.com/org/ow2/asm/asm-commons/5.0.4/asm-commons-5.0.4.pom
Download https://jcenter.bintray.com/net/sf/proguard/proguard-gradle/5.3.2/proguard-gradle-5.3.2.pom
Download https://jcenter.bintray.com/net/sf/proguard/proguard-parent/5.3.2/proguard-parent-5.3.2.pom
Download https://jcenter.bintray.com/org/jacoco/org.jacoco.core/0.7.5.201505241946/org.jacoco.core-0.7.5.201505241946.pom
Download https://jcenter.bintray.com/org/jacoco/org.jacoco.build/0.7.5.201505241946/org.jacoco.build-0.7.5.201505241946.pom
Download https://jcenter.bintray.com/org/jacoco/org.jacoco.report/0.7.5.201505241946/org.jacoco.report-0.7.5.201505241946.pom
Download https://jcenter.bintray.com/net/sf/jopt-simple/jopt-simple/4.9/jopt-simple-4.9.pom
Download https://jcenter.bintray.com/org/sonatype/oss/oss-parent/7/oss-parent-7.pom
Download https://jcenter.bintray.com/com/google/protobuf/protobuf-java/3.0.0/protobuf-java-3.0.0.pom
Download https://jcenter.bintray.com/com/google/protobuf/protobuf-parent/3.0.0/protobuf-parent-3.0.0.pom
Download https://jcenter.bintray.com/com/google/google/1/google-1.pom
Download https://jcenter.bintray.com/org/antlr/antlr/3.5.2/antlr-3.5.2.pom
Download https://jcenter.bintray.com/org/antlr/antlr-master/3.5.2/antlr-master-3.5.2.pom
Download https://jcenter.bintray.com/org/sonatype/oss/oss-parent/9/oss-parent-9.pom
Download https://jcenter.bintray.com/com/android/tools/build/builder-model/2.3.0/builder-model-2.3.0.pom
Download https://jcenter.bintray.com/com/android/tools/build/builder-test-api/2.3.0/builder-test-api-2.3.0.pom
Download https://jcenter.bintray.com/com/android/tools/sdklib/25.3.0/sdklib-25.3.0.pom
Download https://jcenter.bintray.com/com/android/tools/sdk-common/25.3.0/sdk-common-25.3.0.pom
Download https://jcenter.bintray.com/com/android/tools/common/25.3.0/common-25.3.0.pom
Download https://jcenter.bintray.com/com/android/tools/build/manifest-merger/25.3.0/manifest-merger-25.3.0.pom
Download https://jcenter.bintray.com/com/android/tools/ddms/ddmlib/25.3.0/ddmlib-25.3.0.pom
Download https://jcenter.bintray.com/com/android/tools/jack/jack-api/0.13.0/jack-api-0.13.0.pom
Download https://jcenter.bintray.com/com/android/tools/jill/jill-api/0.10.0/jill-api-0.10.0.pom
Download https://jcenter.bintray.com/com/android/tools/analytics-library/protos/25.3.0/protos-25.3.0.pom
Download https://jcenter.bintray.com/com/android/tools/analytics-library/shared/25.3.0/shared-25.3.0.pom
Download https://jcenter.bintray.com/com/android/tools/analytics-library/tracker/25.3.0/tracker-25.3.0.pom
Download https://jcenter.bintray.com/com/squareup/javawriter/2.5.0/javawriter-2.5.0.pom
Download https://jcenter.bintray.com/org/bouncycastle/bcpkix-jdk15on/1.48/bcpkix-jdk15on-1.48.pom
Download https://jcenter.bintray.com/org/bouncycastle/bcprov-jdk15on/1.48/bcprov-jdk15on-1.48.pom
Download https://jcenter.bintray.com/org/ow2/asm/asm-tree/5.0.4/asm-tree-5.0.4.pom
Download https://jcenter.bintray.com/com/android/tools/lint/lint-checks/25.3.0/lint-checks-25.3.0.pom
Download https://jcenter.bintray.com/org/eclipse/jdt/core/compiler/ecj/4.6.1/ecj-4.6.1.pom
Download https://jcenter.bintray.com/com/google/guava/guava/18.0/guava-18.0.pom
Download https://jcenter.bintray.com/com/google/guava/guava-parent/18.0/guava-parent-18.0.pom
Download https://jcenter.bintray.com/com/android/databinding/baseLibrary/2.3.0/baseLibrary-2.3.0.pom
Download https://jcenter.bintray.com/org/antlr/antlr4/4.5.3/antlr4-4.5.3.pom
Download https://jcenter.bintray.com/org/antlr/antlr4-master/4.5.3/antlr4-master-4.5.3.pom
Download https://jcenter.bintray.com/commons-io/commons-io/2.4/commons-io-2.4.pom
Download https://jcenter.bintray.com/org/apache/commons/commons-parent/25/commons-parent-25.pom
Download https://jcenter.bintray.com/org/apache/apache/9/apache-9.pom
Download https://jcenter.bintray.com/com/googlecode/juniversalchardet/juniversalchardet/1.0.3/juniversalchardet-1.0.3.pom
Download https://jcenter.bintray.com/com/android/tools/annotations/24.5.0/annotations-24.5.0.pom
Download https://jcenter.bintray.com/net/sf/proguard/proguard-base/5.3.2/proguard-base-5.3.2.pom
Download https://jcenter.bintray.com/org/ow2/asm/asm-debug-all/5.0.1/asm-debug-all-5.0.1.pom
Download https://jcenter.bintray.com/org/ow2/asm/asm-parent/5.0.1/asm-parent-5.0.1.pom
Download https://jcenter.bintray.com/org/antlr/antlr-runtime/3.5.2/antlr-runtime-3.5.2.pom
Download https://jcenter.bintray.com/org/antlr/ST4/4.0.8/ST4-4.0.8.pom
Download https://jcenter.bintray.com/com/android/tools/layoutlib/layoutlib-api/25.3.0/layoutlib-api-25.3.0.pom
Download https://jcenter.bintray.com/com/android/tools/dvlib/25.3.0/dvlib-25.3.0.pom
Download https://jcenter.bintray.com/com/android/tools/repository/25.3.0/repository-25.3.0.pom
Download https://jcenter.bintray.com/com/google/code/gson/gson/2.2.4/gson-2.2.4.pom
Download https://jcenter.bintray.com/org/apache/commons/commons-compress/1.8.1/commons-compress-1.8.1.pom
Download https://jcenter.bintray.com/org/apache/commons/commons-parent/33/commons-parent-33.pom
Download https://jcenter.bintray.com/org/apache/apache/13/apache-13.pom
Download https://jcenter.bintray.com/org/apache/httpcomponents/httpclient/4.1.1/httpclient-4.1.1.pom
Download https://jcenter.bintray.com/org/apache/httpcomponents/httpcomponents-client/4.1.1/httpcomponents-client-4.1.1.pom
Download https://jcenter.bintray.com/org/apache/httpcomponents/project/4.1.1/project-4.1.1.pom
Download https://jcenter.bintray.com/org/apache/httpcomponents/httpmime/4.1/httpmime-4.1.pom
Download https://jcenter.bintray.com/org/apache/httpcomponents/httpcomponents-client/4.1/httpcomponents-client-4.1.pom
Download https://jcenter.bintray.com/net/sf/kxml/kxml2/2.3.0/kxml2-2.3.0.pom
Download https://jcenter.bintray.com/com/android/tools/lint/lint-api/25.3.0/lint-api-25.3.0.pom
Download https://jcenter.bintray.com/org/ow2/asm/asm-analysis/5.0.4/asm-analysis-5.0.4.pom
Download https://jcenter.bintray.com/com/intellij/annotations/12.0/annotations-12.0.pom
Download https://jcenter.bintray.com/com/google/jimfs/jimfs/1.1/jimfs-1.1.pom
Download https://jcenter.bintray.com/com/google/jimfs/jimfs-parent/1.1/jimfs-parent-1.1.pom
Download https://jcenter.bintray.com/org/apache/httpcomponents/httpcore/4.1/httpcore-4.1.pom
Download https://jcenter.bintray.com/org/apache/httpcomponents/httpcomponents-core/4.1/httpcomponents-core-4.1.pom
Download https://jcenter.bintray.com/commons-logging/commons-logging/1.1.1/commons-logging-1.1.1.pom
Download https://jcenter.bintray.com/org/apache/commons/commons-parent/5/commons-parent-5.pom
Download https://jcenter.bintray.com/org/apache/apache/4/apache-4.pom
Download https://jcenter.bintray.com/commons-codec/commons-codec/1.4/commons-codec-1.4.pom
Download https://jcenter.bintray.com/org/apache/commons/commons-parent/11/commons-parent-11.pom
Download https://jcenter.bintray.com/com/android/tools/external/com-intellij/uast/162.2228.14/uast-162.2228.14.pom
Download https://jcenter.bintray.com/com/android/tools/external/lombok/lombok-ast/0.2.3/lombok-ast-0.2.3.pom
Download https://jcenter.bintray.com/com/android/tools/annotations/25.3.0/annotations-25.3.0.pom
Download https://jcenter.bintray.com/com/android/tools/build/gradle/2.3.0/gradle-2.3.0.jar
Download https://jcenter.bintray.com/com/android/tools/build/gradle-core/2.3.0/gradle-core-2.3.0.jar
Download https://jcenter.bintray.com/com/android/tools/build/builder/2.3.0/builder-2.3.0.jar
Download https://jcenter.bintray.com/com/android/tools/lint/lint/25.3.0/lint-25.3.0.jar
Download https://jcenter.bintray.com/com/android/tools/build/transform-api/2.0.0-deprecated-use-gradle-api/transform-api-2.0.0-deprecated-use-gradle-api.jar
Download https://jcenter.bintray.com/com/android/tools/build/gradle-api/2.3.0/gradle-api-2.3.0.jar
Download https://jcenter.bintray.com/com/android/databinding/compilerCommon/2.3.0/compilerCommon-2.3.0.jar
Download https://jcenter.bintray.com/org/ow2/asm/asm/5.0.4/asm-5.0.4.jar
Download https://jcenter.bintray.com/org/ow2/asm/asm-commons/5.0.4/asm-commons-5.0.4.jar
Download https://jcenter.bintray.com/net/sf/proguard/proguard-gradle/5.3.2/proguard-gradle-5.3.2.jar
Download https://jcenter.bintray.com/org/jacoco/org.jacoco.core/0.7.5.201505241946/org.jacoco.core-0.7.5.201505241946.jar
Download https://jcenter.bintray.com/org/jacoco/org.jacoco.report/0.7.5.201505241946/org.jacoco.report-0.7.5.201505241946.jar
Download https://jcenter.bintray.com/net/sf/jopt-simple/jopt-simple/4.9/jopt-simple-4.9.jar
Download https://jcenter.bintray.com/com/google/protobuf/protobuf-java/3.0.0/protobuf-java-3.0.0.jar
Download https://jcenter.bintray.com/org/antlr/antlr/3.5.2/antlr-3.5.2.jar
Download https://jcenter.bintray.com/com/android/tools/build/builder-model/2.3.0/builder-model-2.3.0.jar
Download https://jcenter.bintray.com/com/android/tools/build/builder-test-api/2.3.0/builder-test-api-2.3.0.jar
Download https://jcenter.bintray.com/com/android/tools/sdklib/25.3.0/sdklib-25.3.0.jar
Download https://jcenter.bintray.com/com/android/tools/sdk-common/25.3.0/sdk-common-25.3.0.jar
Download https://jcenter.bintray.com/com/android/tools/common/25.3.0/common-25.3.0.jar
Download https://jcenter.bintray.com/com/android/tools/build/manifest-merger/25.3.0/manifest-merger-25.3.0.jar
Download https://jcenter.bintray.com/com/android/tools/ddms/ddmlib/25.3.0/ddmlib-25.3.0.jar
Download https://jcenter.bintray.com/com/android/tools/jack/jack-api/0.13.0/jack-api-0.13.0.jar
Download https://jcenter.bintray.com/com/android/tools/jill/jill-api/0.10.0/jill-api-0.10.0.jar
Download https://jcenter.bintray.com/com/android/tools/analytics-library/protos/25.3.0/protos-25.3.0.jar
Download https://jcenter.bintray.com/com/android/tools/analytics-library/shared/25.3.0/shared-25.3.0.jar
Download https://jcenter.bintray.com/com/android/tools/analytics-library/tracker/25.3.0/tracker-25.3.0.jar
Download https://jcenter.bintray.com/com/squareup/javawriter/2.5.0/javawriter-2.5.0.jar
Download https://jcenter.bintray.com/org/bouncycastle/bcpkix-jdk15on/1.48/bcpkix-jdk15on-1.48.jar
Download https://jcenter.bintray.com/org/bouncycastle/bcprov-jdk15on/1.48/bcprov-jdk15on-1.48.jar
Download https://jcenter.bintray.com/org/ow2/asm/asm-tree/5.0.4/asm-tree-5.0.4.jar
Download https://jcenter.bintray.com/com/android/tools/lint/lint-checks/25.3.0/lint-checks-25.3.0.jar
Download https://jcenter.bintray.com/org/eclipse/jdt/core/compiler/ecj/4.6.1/ecj-4.6.1.jar
Download https://jcenter.bintray.com/com/google/guava/guava/18.0/guava-18.0.jar
Download https://jcenter.bintray.com/com/android/databinding/baseLibrary/2.3.0/baseLibrary-2.3.0.jar
Download https://jcenter.bintray.com/org/antlr/antlr4/4.5.3/antlr4-4.5.3.jar
Download https://jcenter.bintray.com/commons-io/commons-io/2.4/commons-io-2.4.jar
Download https://jcenter.bintray.com/com/googlecode/juniversalchardet/juniversalchardet/1.0.3/juniversalchardet-1.0.3.jar
Download https://jcenter.bintray.com/net/sf/proguard/proguard-base/5.3.2/proguard-base-5.3.2.jar
Download https://jcenter.bintray.com/org/ow2/asm/asm-debug-all/5.0.1/asm-debug-all-5.0.1.jar
Download https://jcenter.bintray.com/org/antlr/antlr-runtime/3.5.2/antlr-runtime-3.5.2.jar
Download https://jcenter.bintray.com/org/antlr/ST4/4.0.8/ST4-4.0.8.jar
Download https://jcenter.bintray.com/com/android/tools/layoutlib/layoutlib-api/25.3.0/layoutlib-api-25.3.0.jar
Download https://jcenter.bintray.com/com/android/tools/dvlib/25.3.0/dvlib-25.3.0.jar
Download https://jcenter.bintray.com/com/android/tools/repository/25.3.0/repository-25.3.0.jar
Download https://jcenter.bintray.com/com/google/code/gson/gson/2.2.4/gson-2.2.4.jar
Download https://jcenter.bintray.com/org/apache/commons/commons-compress/1.8.1/commons-compress-1.8.1.jar
Download https://jcenter.bintray.com/org/apache/httpcomponents/httpclient/4.1.1/httpclient-4.1.1.jar
Download https://jcenter.bintray.com/org/apache/httpcomponents/httpmime/4.1/httpmime-4.1.jar
Download https://jcenter.bintray.com/net/sf/kxml/kxml2/2.3.0/kxml2-2.3.0.jar
Download https://jcenter.bintray.com/com/android/tools/lint/lint-api/25.3.0/lint-api-25.3.0.jar
Download https://jcenter.bintray.com/org/ow2/asm/asm-analysis/5.0.4/asm-analysis-5.0.4.jar
Download https://jcenter.bintray.com/com/intellij/annotations/12.0/annotations-12.0.jar
Download https://jcenter.bintray.com/com/google/jimfs/jimfs/1.1/jimfs-1.1.jar
Download https://jcenter.bintray.com/org/apache/httpcomponents/httpcore/4.1/httpcore-4.1.jar
Download https://jcenter.bintray.com/commons-logging/commons-logging/1.1.1/commons-logging-1.1.1.jar
Download https://jcenter.bintray.com/commons-codec/commons-codec/1.4/commons-codec-1.4.jar
Download https://jcenter.bintray.com/com/android/tools/external/com-intellij/uast/162.2228.14/uast-162.2228.14.jar
Download https://jcenter.bintray.com/com/android/tools/external/lombok/lombok-ast/0.2.3/lombok-ast-0.2.3.jar
Download https://jcenter.bintray.com/com/android/tools/annotations/25.3.0/annotations-25.3.0.jar
The Task.leftShift(Closure) method has been deprecated and is scheduled to be removed in Gradle 5.0. Please use Task.doLast(Action) instead.
	at org.gradle.api.internal.AbstractTask.leftShift(AbstractTask.java:513)
	at org.gradle.api.Task$leftShift.call(Unknown Source)
	at org.codehaus.groovy.runtime.callsite.CallSiteArray.defaultCall(CallSiteArray.java:48)
	at org.codehaus.groovy.runtime.callsite.AbstractCallSite.call(AbstractCallSite.java:113)
	at org.codehaus.groovy.runtime.callsite.AbstractCallSite.call(AbstractCallSite.java:125)
	at org.whispersystems.witness.WitnessPlugin.apply(WitnessPlugin.groovy:50)
	at org.whispersystems.witness.WitnessPlugin.apply(WitnessPlugin.groovy)
	at org.gradle.api.internal.plugins.ImperativeOnlyPluginApplicator.applyImperative(ImperativeOnlyPluginApplicator.java:35)
	at org.gradle.api.internal.plugins.RuleBasedPluginApplicator.applyImperative(RuleBasedPluginApplicator.java:43)
	at org.gradle.api.internal.plugins.DefaultPluginManager.doApply(DefaultPluginManager.java:139)
	at org.gradle.api.internal.plugins.DefaultPluginManager.apply(DefaultPluginManager.java:112)
	at org.gradle.api.internal.plugins.DefaultObjectConfigurationAction.applyType(DefaultObjectConfigurationAction.java:113)
	at org.gradle.api.internal.plugins.DefaultObjectConfigurationAction.access$200(DefaultObjectConfigurationAction.java:36)
	at org.gradle.api.internal.plugins.DefaultObjectConfigurationAction$3.run(DefaultObjectConfigurationAction.java:80)
	at org.gradle.api.internal.plugins.DefaultObjectConfigurationAction.execute(DefaultObjectConfigurationAction.java:136)
	at org.gradle.api.internal.project.AbstractPluginAware.apply(AbstractPluginAware.java:44)
	at org.gradle.api.internal.project.ProjectScript.apply(ProjectScript.java:34)
	at org.gradle.api.Script$apply$0.callCurrent(Unknown Source)
	at org.codehaus.groovy.runtime.callsite.CallSiteArray.defaultCallCurrent(CallSiteArray.java:52)
	at org.codehaus.groovy.runtime.callsite.AbstractCallSite.callCurrent(AbstractCallSite.java:154)
	at org.codehaus.groovy.runtime.callsite.AbstractCallSite.callCurrent(AbstractCallSite.java:166)
	at build_8ud97pjchukod1oev3d36umob.run(/bitrise/src/build.gradle:17)
	at org.gradle.groovy.scripts.internal.DefaultScriptRunnerFactory$ScriptRunnerImpl.run(DefaultScriptRunnerFactory.java:90)
	at org.gradle.configuration.DefaultScriptPluginFactory$ScriptPluginImpl$2.run(DefaultScriptPluginFactory.java:176)
	at org.gradle.configuration.ProjectScriptTarget.addConfiguration(ProjectScriptTarget.java:77)
	at org.gradle.configuration.DefaultScriptPluginFactory$ScriptPluginImpl.apply(DefaultScriptPluginFactory.java:181)
	at org.gradle.configuration.project.BuildScriptProcessor.execute(BuildScriptProcessor.java:39)
	at org.gradle.configuration.project.BuildScriptProcessor.execute(BuildScriptProcessor.java:26)
	at org.gradle.configuration.project.ConfigureActionsProjectEvaluator.evaluate(ConfigureActionsProjectEvaluator.java:34)
	at org.gradle.configuration.project.LifecycleProjectEvaluator.doConfigure(LifecycleProjectEvaluator.java:70)
	at org.gradle.configuration.project.LifecycleProjectEvaluator.access$000(LifecycleProjectEvaluator.java:33)
	at org.gradle.configuration.project.LifecycleProjectEvaluator$1.execute(LifecycleProjectEvaluator.java:53)
	at org.gradle.configuration.project.LifecycleProjectEvaluator$1.execute(LifecycleProjectEvaluator.java:50)
	at org.gradle.internal.Transformers$4.transform(Transformers.java:169)
	at org.gradle.internal.progress.DefaultBuildOperationExecutor.run(DefaultBuildOperationExecutor.java:106)
	at org.gradle.internal.progress.DefaultBuildOperationExecutor.run(DefaultBuildOperationExecutor.java:61)
	at org.gradle.configuration.project.LifecycleProjectEvaluator.evaluate(LifecycleProjectEvaluator.java:50)
	at org.gradle.api.internal.project.DefaultProject.evaluate(DefaultProject.java:628)
	at org.gradle.api.internal.project.DefaultProject.evaluate(DefaultProject.java:129)
	at org.gradle.execution.TaskPathProjectEvaluator.configure(TaskPathProjectEvaluator.java:35)
	at org.gradle.execution.TaskPathProjectEvaluator.configureHierarchy(TaskPathProjectEvaluator.java:60)
	at org.gradle.configuration.DefaultBuildConfigurer.configure(DefaultBuildConfigurer.java:38)
	at org.gradle.initialization.DefaultGradleLauncher$1.execute(DefaultGradleLauncher.java:161)
	at org.gradle.initialization.DefaultGradleLauncher$1.execute(DefaultGradleLauncher.java:158)
	at org.gradle.internal.Transformers$4.transform(Transformers.java:169)
	at org.gradle.internal.progress.DefaultBuildOperationExecutor.run(DefaultBuildOperationExecutor.java:106)
	at org.gradle.internal.progress.DefaultBuildOperationExecutor.run(DefaultBuildOperationExecutor.java:56)
	at org.gradle.initialization.DefaultGradleLauncher.doBuildStages(DefaultGradleLauncher.java:158)
	at org.gradle.initialization.DefaultGradleLauncher.doBuild(DefaultGradleLauncher.java:119)
	at org.gradle.initialization.DefaultGradleLauncher.run(DefaultGradleLauncher.java:102)
	at org.gradle.launcher.exec.GradleBuildController.run(GradleBuildController.java:71)
	at org.gradle.tooling.internal.provider.ExecuteBuildActionRunner.run(ExecuteBuildActionRunner.java:28)
	at org.gradle.launcher.exec.ChainingBuildActionRunner.run(ChainingBuildActionRunner.java:35)
	at org.gradle.launcher.exec.InProcessBuildActionExecuter.execute(InProcessBuildActionExecuter.java:41)
	at org.gradle.launcher.exec.InProcessBuildActionExecuter.execute(InProcessBuildActionExecuter.java:26)
	at org.gradle.tooling.internal.provider.ContinuousBuildActionExecuter.execute(ContinuousBuildActionExecuter.java:75)
	at org.gradle.tooling.internal.provider.ContinuousBuildActionExecuter.execute(ContinuousBuildActionExecuter.java:49)
	at org.gradle.tooling.internal.provider.ServicesSetupBuildActionExecuter.execute(ServicesSetupBuildActionExecuter.java:44)
	at org.gradle.tooling.internal.provider.ServicesSetupBuildActionExecuter.execute(ServicesSetupBuildActionExecuter.java:29)
	at org.gradle.launcher.daemon.server.exec.ExecuteBuild.doBuild(ExecuteBuild.java:67)
	at org.gradle.launcher.daemon.server.exec.BuildCommandOnly.execute(BuildCommandOnly.java:36)
	at org.gradle.launcher.daemon.server.api.DaemonCommandExecution.proceed(DaemonCommandExecution.java:120)
	at org.gradle.launcher.daemon.server.exec.WatchForDisconnection.execute(WatchForDisconnection.java:47)
	at org.gradle.launcher.daemon.server.api.DaemonCommandExecution.proceed(DaemonCommandExecution.java:120)
	at org.gradle.launcher.daemon.server.exec.ResetDeprecationLogger.execute(ResetDeprecationLogger.java:26)
	at org.gradle.launcher.daemon.server.api.DaemonCommandExecution.proceed(DaemonCommandExecution.java:120)
	at org.gradle.launcher.daemon.server.exec.RequestStopIfSingleUsedDaemon.execute(RequestStopIfSingleUsedDaemon.java:34)
	at org.gradle.launcher.daemon.server.api.DaemonCommandExecution.proceed(DaemonCommandExecution.java:120)
	at org.gradle.launcher.daemon.server.exec.ForwardClientInput$2.call(ForwardClientInput.java:74)
	at org.gradle.launcher.daemon.server.exec.ForwardClientInput$2.call(ForwardClientInput.java:72)
	at org.gradle.util.Swapper.swap(Swapper.java:38)
	at org.gradle.launcher.daemon.server.exec.ForwardClientInput.execute(ForwardClientInput.java:72)
	at org.gradle.launcher.daemon.server.api.DaemonCommandExecution.proceed(DaemonCommandExecution.java:120)
	at org.gradle.launcher.daemon.server.exec.LogAndCheckHealth.execute(LogAndCheckHealth.java:55)
	at org.gradle.launcher.daemon.server.api.DaemonCommandExecution.proceed(DaemonCommandExecution.java:120)
	at org.gradle.launcher.daemon.server.exec.LogToClient.doBuild(LogToClient.java:60)
	at org.gradle.launcher.daemon.server.exec.BuildCommandOnly.execute(BuildCommandOnly.java:36)
	at org.gradle.launcher.daemon.server.api.DaemonCommandExecution.proceed(DaemonCommandExecution.java:120)
	at org.gradle.launcher.daemon.server.exec.EstablishBuildEnvironment.doBuild(EstablishBuildEnvironment.java:72)
	at org.gradle.launcher.daemon.server.exec.BuildCommandOnly.execute(BuildCommandOnly.java:36)
	at org.gradle.launcher.daemon.server.api.DaemonCommandExecution.proceed(DaemonCommandExecution.java:120)
	at org.gradle.launcher.daemon.server.exec.StartBuildOrRespondWithBusy$1.run(StartBuildOrRespondWithBusy.java:50)
	at org.gradle.launcher.daemon.server.DaemonStateCoordinator$1.run(DaemonStateCoordinator.java:297)
	at org.gradle.internal.concurrent.ExecutorPolicy$CatchAndRecordFailures.onExecute(ExecutorPolicy.java:54)
	at org.gradle.internal.concurrent.StoppableExecutorImpl$1.run(StoppableExecutorImpl.java:40)
	at java.util.concurrent.ThreadPoolExecutor.runWorker(ThreadPoolExecutor.java:1142)
	at java.util.concurrent.ThreadPoolExecutor$Worker.run(ThreadPoolExecutor.java:617)
	at java.lang.Thread.run(Thread.java:748)
signing.properties not found
File /root/.android/repositories.cfg could not be loaded.
Checking the license for package Android SDK Build-Tools 25 in /opt/android-sdk-linux/licenses
License for package Android SDK Build-Tools 25 accepted.
Preparing "Install Android SDK Build-Tools 25 (revision: 25.0.0)".
"Install Android SDK Build-Tools 25 (revision: 25.0.0)" ready.
Finishing "Install Android SDK Build-Tools 25 (revision: 25.0.0)"
Installing Android SDK Build-Tools 25 in /opt/android-sdk-linux/build-tools/25.0.0
"Install Android SDK Build-Tools 25 (revision: 25.0.0)" complete.
"Install Android SDK Build-Tools 25 (revision: 25.0.0)" finished.
Download https://raw.github.com/whispersystems/maven/master/preferencefragment/releases/com/android/support/support-v4-preferencefragment/1.0.0/support-v4-preferencefragment-1.0.0.pom
Download https://jcenter.bintray.com/com/google/android/exoplayer/exoplayer/r2.3.1/exoplayer-r2.3.1.pom
Download https://repo1.maven.org/maven2/org/whispersystems/jobmanager/1.0.2/jobmanager-1.0.2.pom
Download https://repo1.maven.org/maven2/org/whispersystems/libpastelog/1.0.7/libpastelog-1.0.7.pom
Download https://repo1.maven.org/maven2/org/whispersystems/signal-service-android/2.5.6/signal-service-android-2.5.6.pom
Download https://repo1.maven.org/maven2/org/whispersystems/webrtc-android/M57-S2/webrtc-android-M57-S2.pom
Download https://repo1.maven.org/maven2/me/leolin/ShortcutBadger/1.1.16/ShortcutBadger-1.1.16.pom
Download https://repo1.maven.org/maven2/se/emilsjolander/stickylistheaders/2.7.0/stickylistheaders-2.7.0.pom
Download https://repo1.maven.org/maven2/com/jpardogo/materialtabstrip/library/1.0.9/library-1.0.9.pom
Download https://repo1.maven.org/maven2/org/apache/httpcomponents/httpclient-android/4.3.5/httpclient-android-4.3.5.pom
Download https://raw.github.com/whispersystems/maven/master/photoview/releases/com/github/chrisbanes/photoview/library/1.3.1/library-1.3.1.pom
Download https://repo1.maven.org/maven2/com/github/bumptech/glide/glide/3.7.0/glide-3.7.0.pom
Download https://repo1.maven.org/maven2/com/makeramen/roundedimageview/2.1.0/roundedimageview-2.1.0.pom
Download https://repo1.maven.org/maven2/com/pnikosis/materialish-progress/1.5/materialish-progress-1.5.pom
Download https://repo1.maven.org/maven2/org/greenrobot/eventbus/3.0.0/eventbus-3.0.0.pom
Download https://repo1.maven.org/maven2/pl/tajchert/waitingdots/0.1.0/waitingdots-0.1.0.pom
Download https://repo1.maven.org/maven2/com/soundcloud/android/android-crop/0.9.10/android-crop-0.9.10.pom
Download https://repo1.maven.org/maven2/com/melnykov/floatingactionbutton/1.3.0/floatingactionbutton-1.3.0.pom
Download https://repo1.maven.org/maven2/com/google/zxing/android-integration/3.1.0/android-integration-3.1.0.pom
Download https://repo1.maven.org/maven2/com/google/zxing/zxing-parent/3.1.0/zxing-parent-3.1.0.pom
Download https://repo1.maven.org/maven2/com/squareup/dagger/dagger/1.2.2/dagger-1.2.2.pom
Download https://repo1.maven.org/maven2/com/squareup/dagger/dagger-parent/1.2.2/dagger-parent-1.2.2.pom
Download https://repo1.maven.org/maven2/com/doomonafireball/betterpickers/library/1.5.3/library-1.5.3.pom
Download https://repo1.maven.org/maven2/com/doomonafireball/betterpickers/parent/1.5.3/parent-1.5.3.pom
Download https://repo1.maven.org/maven2/com/madgag/spongycastle/prov/1.51.0.0/prov-1.51.0.0.pom
Download https://dl.bintray.com/amulyakhare/maven/com/amulyakhare/com.amulyakhare.textdrawable/1.0.1/com.amulyakhare.textdrawable-1.0.1.pom
Download https://jcenter.bintray.com/com/h6ah4i/android/compat/mulsellistprefcompat/1.0.0/mulsellistprefcompat-1.0.0.pom
Download https://repo1.maven.org/maven2/com/google/zxing/core/3.2.1/core-3.2.1.pom
Download https://repo1.maven.org/maven2/com/google/zxing/zxing-parent/3.2.1/zxing-parent-3.2.1.pom
Download https://repo1.maven.org/maven2/com/davemorrissey/labs/subsampling-scale-image-view/3.6.0/subsampling-scale-image-view-3.6.0.pom
Download https://jcenter.bintray.com/cn/carbswang/android/NumberPickerView/1.0.9/NumberPickerView-1.0.9.pom
Download https://jcenter.bintray.com/com/tomergoldst/android/tooltips/1.0.6/tooltips-1.0.6.pom
Download https://repo1.maven.org/maven2/com/klinkerapps/android-smsmms/4.0.1/android-smsmms-4.0.1.pom
Download https://repo1.maven.org/maven2/org/whispersystems/signal-service-java/2.5.6/signal-service-java-2.5.6.pom
Download https://repo1.maven.org/maven2/org/whispersystems/signal-protocol-android/2.4.0/signal-protocol-android-2.4.0.pom
Download https://repo1.maven.org/maven2/com/nineoldandroids/library/2.4.0/library-2.4.0.pom
Download https://repo1.maven.org/maven2/com/nineoldandroids/parent/2.4.0/parent-2.4.0.pom
Download https://repo1.maven.org/maven2/javax/inject/javax.inject/1/javax.inject-1.pom
Download https://repo1.maven.org/maven2/com/madgag/spongycastle/core/1.51.0.0/core-1.51.0.0.pom
Download https://repo1.maven.org/maven2/com/klinkerapps/logger/1.0.3/logger-1.0.3.pom
Download https://repo1.maven.org/maven2/com/google/protobuf/protobuf-java/2.5.0/protobuf-java-2.5.0.pom
Download https://repo1.maven.org/maven2/com/googlecode/libphonenumber/libphonenumber/8.3.0/libphonenumber-8.3.0.pom
Download https://repo1.maven.org/maven2/com/googlecode/libphonenumber/libphonenumber-parent/8.3.0/libphonenumber-parent-8.3.0.pom
Download https://repo1.maven.org/maven2/com/fasterxml/jackson/core/jackson-databind/2.5.0/jackson-databind-2.5.0.pom
Download https://repo1.maven.org/maven2/com/fasterxml/jackson/jackson-parent/2.5/jackson-parent-2.5.pom
Download https://repo1.maven.org/maven2/com/fasterxml/oss-parent/18/oss-parent-18.pom
Download https://repo1.maven.org/maven2/com/squareup/okhttp3/okhttp/3.6.0/okhttp-3.6.0.pom
Download https://repo1.maven.org/maven2/com/squareup/okhttp3/parent/3.6.0/parent-3.6.0.pom
Download https://repo1.maven.org/maven2/org/whispersystems/curve25519-android/0.3.0/curve25519-android-0.3.0.pom
Download https://repo1.maven.org/maven2/org/whispersystems/signal-protocol-java/2.4.0/signal-protocol-java-2.4.0.pom
Download https://repo1.maven.org/maven2/com/fasterxml/jackson/core/jackson-annotations/2.5.0/jackson-annotations-2.5.0.pom
Download https://repo1.maven.org/maven2/com/fasterxml/jackson/core/jackson-core/2.5.0/jackson-core-2.5.0.pom
Download https://repo1.maven.org/maven2/com/squareup/okio/okio/1.11.0/okio-1.11.0.pom
Download https://repo1.maven.org/maven2/com/squareup/okio/okio-parent/1.11.0/okio-parent-1.11.0.pom
Download https://repo1.maven.org/maven2/org/whispersystems/curve25519-java/0.3.0/curve25519-java-0.3.0.pom
Verifying com.android.support:appcompat-v7
Verifying com.android.support:recyclerview-v7
Verifying com.android.support:design
Verifying com.android.support:support-v13
Verifying com.android.support:cardview-v7
Verifying com.android.support:support-v4-preferencefragment
Download https://raw.github.com/whispersystems/maven/master/preferencefragment/releases/com/android/support/support-v4-preferencefragment/1.0.0/support-v4-preferencefragment-1.0.0.aar
Verifying com.android.support:gridlayout-v7
Verifying com.android.support:multidex
Verifying com.google.android.gms:play-services-gcm
Verifying com.google.android.gms:play-services-maps
Verifying com.google.android.gms:play-services-places
Verifying com.google.android.exoplayer:exoplayer
Download https://jcenter.bintray.com/com/google/android/exoplayer/exoplayer/r2.3.1/exoplayer-r2.3.1.aar
Verifying org.whispersystems:jobmanager
Download https://repo1.maven.org/maven2/org/whispersystems/jobmanager/1.0.2/jobmanager-1.0.2.aar
Verifying org.whispersystems:libpastelog
Download https://repo1.maven.org/maven2/org/whispersystems/libpastelog/1.0.7/libpastelog-1.0.7.aar
Verifying org.whispersystems:signal-service-android
Download https://repo1.maven.org/maven2/org/whispersystems/signal-service-android/2.5.6/signal-service-android-2.5.6.aar
Verifying org.whispersystems:webrtc-android
Download https://repo1.maven.org/maven2/org/whispersystems/webrtc-android/M57-S2/webrtc-android-M57-S2.aar
Verifying me.leolin:ShortcutBadger
Download https://repo1.maven.org/maven2/me/leolin/ShortcutBadger/1.1.16/ShortcutBadger-1.1.16.aar
Verifying se.emilsjolander:stickylistheaders
Download https://repo1.maven.org/maven2/se/emilsjolander/stickylistheaders/2.7.0/stickylistheaders-2.7.0.aar
Verifying com.jpardogo.materialtabstrip:library
Download https://repo1.maven.org/maven2/com/jpardogo/materialtabstrip/library/1.0.9/library-1.0.9.aar
Verifying org.apache.httpcomponents:httpclient-android
Download https://repo1.maven.org/maven2/org/apache/httpcomponents/httpclient-android/4.3.5/httpclient-android-4.3.5.jar
Verifying com.github.chrisbanes.photoview:library
Download https://raw.github.com/whispersystems/maven/master/photoview/releases/com/github/chrisbanes/photoview/library/1.3.1/library-1.3.1.aar
Verifying com.github.bumptech.glide:glide
Download https://repo1.maven.org/maven2/com/github/bumptech/glide/glide/3.7.0/glide-3.7.0.jar
Verifying com.makeramen:roundedimageview
Download https://repo1.maven.org/maven2/com/makeramen/roundedimageview/2.1.0/roundedimageview-2.1.0.aar
Verifying com.pnikosis:materialish-progress
Download https://repo1.maven.org/maven2/com/pnikosis/materialish-progress/1.5/materialish-progress-1.5.aar
Verifying org.greenrobot:eventbus
Download https://repo1.maven.org/maven2/org/greenrobot/eventbus/3.0.0/eventbus-3.0.0.jar
Verifying pl.tajchert:waitingdots
Download https://repo1.maven.org/maven2/pl/tajchert/waitingdots/0.1.0/waitingdots-0.1.0.aar
Verifying com.soundcloud.android:android-crop
Download https://repo1.maven.org/maven2/com/soundcloud/android/android-crop/0.9.10/android-crop-0.9.10.aar
Verifying com.melnykov:floatingactionbutton
Download https://repo1.maven.org/maven2/com/melnykov/floatingactionbutton/1.3.0/floatingactionbutton-1.3.0.aar
Verifying com.google.zxing:android-integration
Download https://repo1.maven.org/maven2/com/google/zxing/android-integration/3.1.0/android-integration-3.1.0.jar
Verifying com.squareup.dagger:dagger
Download https://repo1.maven.org/maven2/com/squareup/dagger/dagger/1.2.2/dagger-1.2.2.jar
Verifying com.doomonafireball.betterpickers:library
Download https://repo1.maven.org/maven2/com/doomonafireball/betterpickers/library/1.5.3/library-1.5.3.aar
Verifying com.madgag.spongycastle:prov
Download https://repo1.maven.org/maven2/com/madgag/spongycastle/prov/1.51.0.0/prov-1.51.0.0.jar
Verifying com.amulyakhare:com.amulyakhare.textdrawable

FAILURE: Build failed with an exception.

* What went wrong:
A problem occurred configuring root project 'src'.
> Failed to notify project evaluation listener.
   > Could not resolve all dependencies for configuration ':_playDebugApk'.
      > Could not determine artifacts for com.amulyakhare:com.amulyakhare.textdrawable:1.0.1
         > Could not get resource 'https://dl.bintray.com/amulyakhare/maven/com/amulyakhare/com.amulyakhare.textdrawable/1.0.1/com.amulyakhare.textdrawable-1.0.1.aar'.
            > Could not HEAD 'https://dl.bintray.com/amulyakhare/maven/com/amulyakhare/com.amulyakhare.textdrawable/1.0.1/com.amulyakhare.textdrawable-1.0.1.aar'. Received status code 401 from server: Unauthorized
   > Could not download com.amulyakhare.textdrawable.aar (com.amulyakhare:com.amulyakhare.textdrawable:1.0.1)
      > Could not get resource 'https://dl.bintray.com/amulyakhare/maven/com/amulyakhare/com.amulyakhare.textdrawable/1.0.1/com.amulyakhare.textdrawable-1.0.1.aar'.
         > Could not GET 'https://dl.bintray.com/amulyakhare/maven/com/amulyakhare/com.amulyakhare.textdrawable/1.0.1/com.amulyakhare.textdrawable-1.0.1.aar'. Received status code 401 from server: Unauthorized

* Try:
Run with --info or --debug option to get more log output.

* Exception is:
org.gradle.api.ProjectConfigurationException: A problem occurred configuring root project 'src'.
	at org.gradle.configuration.project.LifecycleProjectEvaluator.addConfigurationFailure(LifecycleProjectEvaluator.java:94)
	at org.gradle.configuration.project.LifecycleProjectEvaluator.notifyAfterEvaluate(LifecycleProjectEvaluator.java:89)
	at org.gradle.configuration.project.LifecycleProjectEvaluator.doConfigure(LifecycleProjectEvaluator.java:76)
	at org.gradle.configuration.project.LifecycleProjectEvaluator.access$000(LifecycleProjectEvaluator.java:33)
	at org.gradle.configuration.project.LifecycleProjectEvaluator$1.execute(LifecycleProjectEvaluator.java:53)
	at org.gradle.configuration.project.LifecycleProjectEvaluator$1.execute(LifecycleProjectEvaluator.java:50)
	at org.gradle.internal.Transformers$4.transform(Transformers.java:169)
	at org.gradle.internal.progress.DefaultBuildOperationExecutor.run(DefaultBuildOperationExecutor.java:106)
	at org.gradle.internal.progress.DefaultBuildOperationExecutor.run(DefaultBuildOperationExecutor.java:61)
	at org.gradle.configuration.project.LifecycleProjectEvaluator.evaluate(LifecycleProjectEvaluator.java:50)
	at org.gradle.api.internal.project.DefaultProject.evaluate(DefaultProject.java:628)
	at org.gradle.api.internal.project.DefaultProject.evaluate(DefaultProject.java:129)
	at org.gradle.execution.TaskPathProjectEvaluator.configure(TaskPathProjectEvaluator.java:35)
	at org.gradle.execution.TaskPathProjectEvaluator.configureHierarchy(TaskPathProjectEvaluator.java:60)
	at org.gradle.configuration.DefaultBuildConfigurer.configure(DefaultBuildConfigurer.java:38)
	at org.gradle.initialization.DefaultGradleLauncher$1.execute(DefaultGradleLauncher.java:161)
	at org.gradle.initialization.DefaultGradleLauncher$1.execute(DefaultGradleLauncher.java:158)
	at org.gradle.internal.Transformers$4.transform(Transformers.java:169)
	at org.gradle.internal.progress.DefaultBuildOperationExecutor.run(DefaultBuildOperationExecutor.java:106)
	at org.gradle.internal.progress.DefaultBuildOperationExecutor.run(DefaultBuildOperationExecutor.java:56)
	at org.gradle.initialization.DefaultGradleLauncher.doBuildStages(DefaultGradleLauncher.java:158)
	at org.gradle.initialization.DefaultGradleLauncher.doBuild(DefaultGradleLauncher.java:119)
	at org.gradle.initialization.DefaultGradleLauncher.run(DefaultGradleLauncher.java:102)
	at org.gradle.launcher.exec.GradleBuildController.run(GradleBuildController.java:71)
	at org.gradle.tooling.internal.provider.ExecuteBuildActionRunner.run(ExecuteBuildActionRunner.java:28)
	at org.gradle.launcher.exec.ChainingBuildActionRunner.run(ChainingBuildActionRunner.java:35)
	at org.gradle.launcher.exec.InProcessBuildActionExecuter.execute(InProcessBuildActionExecuter.java:41)
	at org.gradle.launcher.exec.InProcessBuildActionExecuter.execute(InProcessBuildActionExecuter.java:26)
	at org.gradle.tooling.internal.provider.ContinuousBuildActionExecuter.execute(ContinuousBuildActionExecuter.java:75)
	at org.gradle.tooling.internal.provider.ContinuousBuildActionExecuter.execute(ContinuousBuildActionExecuter.java:49)
	at org.gradle.tooling.internal.provider.ServicesSetupBuildActionExecuter.execute(ServicesSetupBuildActionExecuter.java:44)
	at org.gradle.tooling.internal.provider.ServicesSetupBuildActionExecuter.execute(ServicesSetupBuildActionExecuter.java:29)
	at org.gradle.launcher.daemon.server.exec.ExecuteBuild.doBuild(ExecuteBuild.java:67)
	at org.gradle.launcher.daemon.server.exec.BuildCommandOnly.execute(BuildCommandOnly.java:36)
	at org.gradle.launcher.daemon.server.api.DaemonCommandExecution.proceed(DaemonCommandExecution.java:120)
	at org.gradle.launcher.daemon.server.exec.WatchForDisconnection.execute(WatchForDisconnection.java:47)
	at org.gradle.launcher.daemon.server.api.DaemonCommandExecution.proceed(DaemonCommandExecution.java:120)
	at org.gradle.launcher.daemon.server.exec.ResetDeprecationLogger.execute(ResetDeprecationLogger.java:26)
	at org.gradle.launcher.daemon.server.api.DaemonCommandExecution.proceed(DaemonCommandExecution.java:120)
	at org.gradle.launcher.daemon.server.exec.RequestStopIfSingleUsedDaemon.execute(RequestStopIfSingleUsedDaemon.java:34)
	at org.gradle.launcher.daemon.server.api.DaemonCommandExecution.proceed(DaemonCommandExecution.java:120)
	at org.gradle.launcher.daemon.server.exec.ForwardClientInput$2.call(ForwardClientInput.java:74)
	at org.gradle.launcher.daemon.server.exec.ForwardClientInput$2.call(ForwardClientInput.java:72)
	at org.gradle.util.Swapper.swap(Swapper.java:38)
	at org.gradle.launcher.daemon.server.exec.ForwardClientInput.execute(ForwardClientInput.java:72)
	at org.gradle.launcher.daemon.server.api.DaemonCommandExecution.proceed(DaemonCommandExecution.java:120)
	at org.gradle.launcher.daemon.server.exec.LogAndCheckHealth.execute(LogAndCheckHealth.java:55)
	at org.gradle.launcher.daemon.server.api.DaemonCommandExecution.proceed(DaemonCommandExecution.java:120)
	at org.gradle.launcher.daemon.server.exec.LogToClient.doBuild(LogToClient.java:60)
	at org.gradle.launcher.daemon.server.exec.BuildCommandOnly.execute(BuildCommandOnly.java:36)
	at org.gradle.launcher.daemon.server.api.DaemonCommandExecution.proceed(DaemonCommandExecution.java:120)
	at org.gradle.launcher.daemon.server.exec.EstablishBuildEnvironment.doBuild(EstablishBuildEnvironment.java:72)
	at org.gradle.launcher.daemon.server.exec.BuildCommandOnly.execute(BuildCommandOnly.java:36)
	at org.gradle.launcher.daemon.server.api.DaemonCommandExecution.proceed(DaemonCommandExecution.java:120)
	at org.gradle.launcher.daemon.server.exec.StartBuildOrRespondWithBusy$1.run(StartBuildOrRespondWithBusy.java:50)
	at org.gradle.launcher.daemon.server.DaemonStateCoordinator$1.run(DaemonStateCoordinator.java:297)
	at org.gradle.internal.concurrent.ExecutorPolicy$CatchAndRecordFailures.onExecute(ExecutorPolicy.java:54)
	at org.gradle.internal.concurrent.StoppableExecutorImpl$1.run(StoppableExecutorImpl.java:40)
Caused by: org.gradle.internal.event.ListenerNotificationException: Failed to notify project evaluation listener.
	at org.gradle.internal.event.AbstractBroadcastDispatch.dispatch(AbstractBroadcastDispatch.java:55)
	at org.gradle.internal.event.BroadcastDispatch.dispatch(BroadcastDispatch.java:79)
	at org.gradle.internal.event.BroadcastDispatch.dispatch(BroadcastDispatch.java:30)
	at org.gradle.internal.dispatch.ProxyDispatchAdapter$DispatchingInvocationHandler.invoke(ProxyDispatchAdapter.java:93)
	at com.sun.proxy.$Proxy15.afterEvaluate(Unknown Source)
	at org.gradle.configuration.project.LifecycleProjectEvaluator.notifyAfterEvaluate(LifecycleProjectEvaluator.java:82)
	... 56 more
Caused by: org.gradle.api.artifacts.ResolveException: Could not resolve all dependencies for configuration ':_playDebugApk'.
	at org.gradle.api.internal.artifacts.ivyservice.ErrorHandlingConfigurationResolver.wrapException(ErrorHandlingConfigurationResolver.java:96)
	at org.gradle.api.internal.artifacts.ivyservice.ErrorHandlingConfigurationResolver.resolveGraph(ErrorHandlingConfigurationResolver.java:68)
	at org.gradle.api.internal.artifacts.configurations.DefaultConfiguration$3.execute(DefaultConfiguration.java:443)
	at org.gradle.api.internal.artifacts.configurations.DefaultConfiguration$3.execute(DefaultConfiguration.java:436)
	at org.gradle.internal.Transformers$4.transform(Transformers.java:169)
	at org.gradle.internal.progress.DefaultBuildOperationExecutor.run(DefaultBuildOperationExecutor.java:106)
	at org.gradle.internal.progress.DefaultBuildOperationExecutor.run(DefaultBuildOperationExecutor.java:56)
	at org.gradle.api.internal.artifacts.configurations.DefaultConfiguration.resolveGraphIfRequired(DefaultConfiguration.java:436)
	at org.gradle.api.internal.artifacts.configurations.DefaultConfiguration.resolveToStateOrLater(DefaultConfiguration.java:411)
	at org.gradle.api.internal.artifacts.configurations.DefaultConfiguration.getResolvedConfiguration(DefaultConfiguration.java:403)
	at org.gradle.api.internal.artifacts.configurations.DefaultConfiguration_Decorated.getResolvedConfiguration(Unknown Source)
	at com.android.build.gradle.internal.DependencyManager.collectArtifacts(DependencyManager.java:484)
	at com.android.build.gradle.internal.DependencyManager.resolveConfiguration(DependencyManager.java:354)
	at com.android.build.gradle.internal.DependencyManager.resolveDependencies(DependencyManager.java:263)
	at com.android.build.gradle.internal.DependencyManager.resolveDependencies(DependencyManager.java:166)
	at com.android.build.gradle.internal.TaskManager.resolveDependencies(TaskManager.java:375)
	at com.android.build.gradle.internal.VariantManager.lambda$createVariantData$3(VariantManager.java:607)
	at com.android.builder.profile.ThreadRecorder.record(ThreadRecorder.java:81)
	at com.android.build.gradle.internal.VariantManager.createVariantData(VariantManager.java:603)
	at com.android.build.gradle.internal.VariantManager.createVariantDataForProductFlavors(VariantManager.java:793)
	at com.android.build.gradle.internal.VariantManager.populateVariantDataList(VariantManager.java:487)
	at com.android.builder.profile.ThreadRecorder.record(ThreadRecorder.java:81)
	at com.android.build.gradle.internal.VariantManager.createAndroidTasks(VariantManager.java:263)
	at com.android.build.gradle.BasePlugin.lambda$createAndroidTasks$6(BasePlugin.java:601)
	at com.android.builder.profile.ThreadRecorder.record(ThreadRecorder.java:81)
	at com.android.build.gradle.BasePlugin.createAndroidTasks(BasePlugin.java:596)
	at com.android.build.gradle.BasePlugin.lambda$null$4(BasePlugin.java:526)
	at com.android.builder.profile.ThreadRecorder.record(ThreadRecorder.java:81)
	at com.android.build.gradle.BasePlugin.lambda$createTasks$5(BasePlugin.java:522)
	at org.gradle.internal.event.BroadcastDispatch$ActionInvocationHandler.dispatch(BroadcastDispatch.java:93)
	at org.gradle.internal.event.BroadcastDispatch$ActionInvocationHandler.dispatch(BroadcastDispatch.java:82)
	at org.gradle.internal.event.AbstractBroadcastDispatch.dispatch(AbstractBroadcastDispatch.java:44)
	... 61 more
Caused by: org.gradle.internal.resolve.ArtifactResolveException: Could not determine artifacts for com.amulyakhare:com.amulyakhare.textdrawable:1.0.1
	at org.gradle.api.internal.artifacts.ivyservice.ivyresolve.ErrorHandlingModuleComponentRepository$ErrorHandlingModuleComponentRepositoryAccess.resolveArtifacts(ErrorHandlingModuleComponentRepository.java:114)
	at org.gradle.api.internal.artifacts.ivyservice.ivyresolve.RepositoryChainArtifactResolver.resolveArtifacts(RepositoryChainArtifactResolver.java:56)
	at org.gradle.api.internal.artifacts.ivyservice.resolveengine.ComponentResolversChain$ArtifactResolverChain.resolveArtifacts(ComponentResolversChain.java:113)
	at org.gradle.api.internal.artifacts.ivyservice.CacheLockingArtifactResolver$2.run(CacheLockingArtifactResolver.java:51)
	at org.gradle.internal.Factories$1.create(Factories.java:25)
	at org.gradle.cache.internal.DefaultCacheAccess.useCache(DefaultCacheAccess.java:187)
	at org.gradle.cache.internal.DefaultCacheAccess.useCache(DefaultCacheAccess.java:170)
	at org.gradle.cache.internal.DefaultPersistentDirectoryStore.useCache(DefaultPersistentDirectoryStore.java:129)
	at org.gradle.cache.internal.DefaultCacheFactory$ReferenceTrackingCache.useCache(DefaultCacheFactory.java:191)
	at org.gradle.api.internal.artifacts.ivyservice.DefaultCacheLockingManager.useCache(DefaultCacheLockingManager.java:56)
	at org.gradle.api.internal.artifacts.ivyservice.CacheLockingArtifactResolver.resolveArtifacts(CacheLockingArtifactResolver.java:49)
	at org.gradle.api.internal.artifacts.ivyservice.ivyresolve.ErrorHandlingArtifactResolver.resolveArtifacts(ErrorHandlingArtifactResolver.java:47)
	at org.gradle.api.internal.artifacts.ivyservice.resolveengine.artifact.ResolvedArtifactsGraphVisitor.doResolve(ResolvedArtifactsGraphVisitor.java:108)
	at org.gradle.api.internal.artifacts.ivyservice.resolveengine.artifact.ResolvedArtifactsGraphVisitor.getArtifacts(ResolvedArtifactsGraphVisitor.java:93)
	at org.gradle.api.internal.artifacts.ivyservice.resolveengine.artifact.ResolvedArtifactsGraphVisitor.visitEdge(ResolvedArtifactsGraphVisitor.java:69)
	at org.gradle.api.internal.artifacts.ivyservice.resolveengine.graph.CompositeDependencyGraphVisitor.visitEdge(CompositeDependencyGraphVisitor.java:43)
	at org.gradle.api.internal.artifacts.ivyservice.resolveengine.graph.DependencyGraphBuilder.assembleResult(DependencyGraphBuilder.java:196)
	at org.gradle.api.internal.artifacts.ivyservice.resolveengine.graph.DependencyGraphBuilder.resolve(DependencyGraphBuilder.java:101)
	at org.gradle.api.internal.artifacts.ivyservice.resolveengine.DefaultArtifactDependencyResolver.resolve(DefaultArtifactDependencyResolver.java:85)
	at org.gradle.api.internal.artifacts.ivyservice.CacheLockingArtifactDependencyResolver$1.run(CacheLockingArtifactDependencyResolver.java:43)
	at org.gradle.internal.Factories$1.create(Factories.java:25)
	at org.gradle.cache.internal.DefaultCacheAccess.useCache(DefaultCacheAccess.java:187)
	at org.gradle.cache.internal.DefaultCacheAccess.useCache(DefaultCacheAccess.java:170)
	at org.gradle.cache.internal.DefaultPersistentDirectoryStore.useCache(DefaultPersistentDirectoryStore.java:129)
	at org.gradle.cache.internal.DefaultCacheFactory$ReferenceTrackingCache.useCache(DefaultCacheFactory.java:191)
	at org.gradle.api.internal.artifacts.ivyservice.DefaultCacheLockingManager.useCache(DefaultCacheLockingManager.java:56)
	at org.gradle.api.internal.artifacts.ivyservice.CacheLockingArtifactDependencyResolver.resolve(CacheLockingArtifactDependencyResolver.java:41)
	at org.gradle.api.internal.artifacts.ivyservice.DefaultConfigurationResolver.resolveGraph(DefaultConfigurationResolver.java:119)
	at org.gradle.api.internal.artifacts.ivyservice.ShortCircuitEmptyConfigurationResolver.resolveGraph(ShortCircuitEmptyConfigurationResolver.java:72)
	at org.gradle.api.internal.artifacts.ivyservice.ErrorHandlingConfigurationResolver.resolveGraph(ErrorHandlingConfigurationResolver.java:66)
	... 91 more
Caused by: org.gradle.api.resources.ResourceException: Could not get resource 'https://dl.bintray.com/amulyakhare/maven/com/amulyakhare/com.amulyakhare.textdrawable/1.0.1/com.amulyakhare.textdrawable-1.0.1.aar'.
	at org.gradle.internal.resource.ResourceExceptions.failure(ResourceExceptions.java:69)
	at org.gradle.internal.resource.ResourceExceptions.getFailed(ResourceExceptions.java:52)
	at org.gradle.api.internal.artifacts.repositories.resolver.DefaultExternalResourceArtifactResolver.staticResourceExists(DefaultExternalResourceArtifactResolver.java:84)
	at org.gradle.api.internal.artifacts.repositories.resolver.DefaultExternalResourceArtifactResolver.artifactExists(DefaultExternalResourceArtifactResolver.java:71)
	at org.gradle.api.internal.artifacts.repositories.resolver.MavenResolver$MavenRemoteRepositoryAccess.resolveModuleArtifacts(MavenResolver.java:256)
	at org.gradle.api.internal.artifacts.repositories.resolver.MavenResolver$MavenRemoteRepositoryAccess.resolveModuleArtifacts(MavenResolver.java:248)
	at org.gradle.api.internal.artifacts.repositories.resolver.ExternalResourceResolver$AbstractRepositoryAccess.resolveArtifacts(ExternalResourceResolver.java:404)
	at org.gradle.api.internal.artifacts.repositories.resolver.ExternalResourceResolver$RemoteRepositoryAccess.resolveArtifacts(ExternalResourceResolver.java:466)
	at org.gradle.api.internal.artifacts.ivyservice.ivyresolve.CacheLockReleasingModuleComponentsRepository$LockReleasingRepositoryAccess$4.run(CacheLockReleasingModuleComponentsRepository.java:96)
	at org.gradle.internal.Factories$1.create(Factories.java:25)
	at org.gradle.cache.internal.DefaultCacheAccess.longRunningOperation(DefaultCacheAccess.java:247)
	at org.gradle.cache.internal.DefaultCacheAccess.longRunningOperation(DefaultCacheAccess.java:318)
	at org.gradle.cache.internal.DefaultPersistentDirectoryStore.longRunningOperation(DefaultPersistentDirectoryStore.java:137)
	at org.gradle.cache.internal.DefaultCacheFactory$ReferenceTrackingCache.longRunningOperation(DefaultCacheFactory.java:183)
	at org.gradle.api.internal.artifacts.ivyservice.DefaultCacheLockingManager.longRunningOperation(DefaultCacheLockingManager.java:48)
	at org.gradle.api.internal.artifacts.ivyservice.ivyresolve.CacheLockReleasingModuleComponentsRepository$LockReleasingRepositoryAccess.resolveArtifacts(CacheLockReleasingModuleComponentsRepository.java:94)
	at org.gradle.api.internal.artifacts.ivyservice.ivyresolve.CachingModuleComponentRepository$ResolveAndCacheRepositoryAccess.resolveArtifacts(CachingModuleComponentRepository.java:346)
	at org.gradle.api.internal.artifacts.ivyservice.ivyresolve.BaseModuleComponentRepositoryAccess.resolveArtifacts(BaseModuleComponentRepositoryAccess.java:59)
	at org.gradle.api.internal.artifacts.ivyservice.ivyresolve.memcache.InMemoryCachedModuleComponentRepository$CachedAccess.resolveArtifacts(InMemoryCachedModuleComponentRepository.java:90)
	at org.gradle.api.internal.artifacts.ivyservice.ivyresolve.ErrorHandlingModuleComponentRepository$ErrorHandlingModuleComponentRepositoryAccess.resolveArtifacts(ErrorHandlingModuleComponentRepository.java:112)
	... 120 more
Caused by: org.gradle.api.UncheckedIOException: Could not HEAD 'https://dl.bintray.com/amulyakhare/maven/com/amulyakhare/com.amulyakhare.textdrawable/1.0.1/com.amulyakhare.textdrawable-1.0.1.aar'. Received status code 401 from server: Unauthorized
	at org.gradle.internal.resource.transport.http.HttpClientHelper.processResponse(HttpClientHelper.java:123)
	at org.gradle.internal.resource.transport.http.HttpClientHelper.performHead(HttpClientHelper.java:62)
	at org.gradle.internal.resource.transport.http.HttpResourceAccessor.getMetaData(HttpResourceAccessor.java:65)
	at org.gradle.internal.resource.transfer.DefaultExternalResourceConnector.getMetaData(DefaultExternalResourceConnector.java:63)
	at org.gradle.internal.resource.transport.DefaultExternalResourceRepository.getResourceMetaData(DefaultExternalResourceRepository.java:68)
	at org.gradle.api.internal.artifacts.repositories.resolver.DefaultExternalResourceArtifactResolver.staticResourceExists(DefaultExternalResourceArtifactResolver.java:80)
	... 137 more


BUILD FAILED

Total time: 1 mins 34.675 secs
13:40:55.160 [DEBUG] [org.gradle.api.internal.artifacts.ivyservice.resolveengine.store.CachedStoreFactory] Resolution result cache closed. Cache reads: 0, disk reads: 0 (avg: 0.0 secs, total: 0.0 secs)
13:40:55.160 [DEBUG] [org.gradle.api.internal.artifacts.ivyservice.resolveengine.store.CachedStoreFactory] Resolution result cache closed. Cache reads: 0, disk reads: 0 (avg: 0.0 secs, total: 0.0 secs)
13:40:55.161 [DEBUG] [org.gradle.api.internal.artifacts.ivyservice.resolveengine.store.ResolutionResultsStoreFactory] Deleted 2 resolution results binary files in 0.001 secs
13:40:55.161 [DEBUG] [org.gradle.cache.internal.DefaultCacheAccess] Cache Plugin Resolution Cache (/root/.gradle/caches/3.3/plugin-resolution) was closed 0 times.
13:40:55.259 [DEBUG] [org.gradle.process.internal.daemon.WorkerDaemonManager] Stopping 0 worker daemon(s).
13:40:55.259 [INFO] [org.gradle.process.internal.daemon.WorkerDaemonManager] Stopped 0 worker daemon(s).
13:40:55.259 [DEBUG] [org.gradle.cache.internal.DefaultCacheAccess] Cache Generated Gradle JARs cache (/root/.gradle/caches/3.3/generated-gradle-jars) was closed 0 times.
13:40:55.259 [DEBUG] [org.gradle.cache.internal.LockOnDemandCrossProcessCacheAccess] Releasing file lock for artifact cache (/root/.gradle/caches/modules-2)
13:40:55.260 [DEBUG] [org.gradle.cache.internal.btree.BTreePersistentIndexedCache] Closing cache artifact-at-repository.bin (/root/.gradle/caches/modules-2/metadata-2.23/artifact-at-repository.bin)
13:40:55.260 [DEBUG] [org.gradle.cache.internal.btree.BTreePersistentIndexedCache] Closing cache module-metadata.bin (/root/.gradle/caches/modules-2/metadata-2.23/module-metadata.bin)
13:40:55.260 [DEBUG] [org.gradle.cache.internal.btree.BTreePersistentIndexedCache] Closing cache module-artifacts.bin (/root/.gradle/caches/modules-2/metadata-2.23/module-artifacts.bin)
13:40:55.260 [DEBUG] [org.gradle.cache.internal.btree.BTreePersistentIndexedCache] Closing cache artifact-at-url.bin (/root/.gradle/caches/modules-2/metadata-2.23/artifact-at-url.bin)
13:40:55.260 [DEBUG] [org.gradle.cache.internal.DefaultFileLockManager] Releasing lock on artifact cache (/root/.gradle/caches/modules-2).
13:40:55.260 [DEBUG] [org.gradle.launcher.daemon.server.exec.ExecuteBuild] The daemon has finished executing the build.
13:40:55.263 [DEBUG] [org.gradle.launcher.daemon.server.DaemonStateCoordinator] daemon is running. Sleeping until state changes.
13:40:55.263 [DEBUG] [org.gradle.launcher.daemon.server.DaemonStateCoordinator] Command execution: finished waiting for DaemonCommandExecution[command = Build{id=94794d90-53fe-4818-89b0-2cbe95f03c0a.1, currentDir=/bitrise/src}, connection = DefaultDaemonConnection: socket connection from /0:0:0:0:0:0:0:1:43816 to /0:0:0:0:0:0:0:1:35872]. Result org.gradle.launcher.daemon.server.DaemonStateCoordinator@7f085b50 with state Busy
13:40:55.263 [DEBUG] [org.gradle.launcher.daemon.server.DaemonStateCoordinator] Command execution: completed DaemonCommandExecution[command = Build{id=94794d90-53fe-4818-89b0-2cbe95f03c0a.1, currentDir=/bitrise/src}, connection = DefaultDaemonConnection: socket connection from /0:0:0:0:0:0:0:1:43816 to /0:0:0:0:0:0:0:1:35872]
13:40:55.264 [DEBUG] [org.gradle.launcher.daemon.server.DaemonStateCoordinator] resetting idle timer
13:40:55.264 [INFO] [org.gradle.launcher.daemon.server.DaemonRegistryUpdater] Marking the daemon as idle, address: [b7a8fb06-393c-4c39-8f14-6fb4ecdb66ee port:43816, addresses:[/0:0:0:0:0:0:0:1%lo, /127.0.0.1]]
13:40:55.264 [DEBUG] [org.gradle.launcher.daemon.registry.PersistentDaemonRegistry] Marking busy by address: [b7a8fb06-393c-4c39-8f14-6fb4ecdb66ee port:43816, addresses:[/0:0:0:0:0:0:0:1%lo, /127.0.0.1]]
13:40:55.264 [DEBUG] [org.gradle.cache.internal.DefaultFileLockManager] Waiting to acquire exclusive lock on daemon addresses registry.
13:40:55.264 [DEBUG] [org.gradle.cache.internal.DefaultFileLockManager] Lock acquired.
13:40:55.265 [DEBUG] [org.gradle.cache.internal.DefaultFileLockManager] Releasing lock on daemon addresses registry.
13:40:55.265 [DEBUG] [org.gradle.launcher.daemon.server.exec.ReturnResult] Daemon is dispatching the build result: Failure[value=org.gradle.initialization.ReportedException: org.gradle.internal.exceptions.LocationAwareException: A problem occurred configuring root project 'src'.]
13:40:55.265 [DEBUG] [org.gradle.launcher.daemon.server.SynchronizedDispatchConnection] thread 11: dispatching class org.gradle.launcher.daemon.protocol.Failure
13:40:55.266 [DEBUG] [org.gradle.launcher.daemon.server.DaemonStateCoordinator] daemon is running. Sleeping until state changes.
13:40:55.334 [DEBUG] [org.gradle.launcher.daemon.server.DefaultIncomingConnectionHandler] Finishing executing command: Build{id=94794d90-53fe-4818-89b0-2cbe95f03c0a.1, currentDir=/bitrise/src}
13:40:55.550 [DEBUG] [org.gradle.launcher.daemon.server.SynchronizedDispatchConnection] thread 12: received class org.gradle.launcher.daemon.protocol.Finished
13:40:55.551 [DEBUG] [org.gradle.launcher.daemon.server.DefaultDaemonConnection] thread 12: Received non-IO message from client: org.gradle.launcher.daemon.protocol.Finished@7fd833de
13:40:55.552 [DEBUG] [org.gradle.launcher.daemon.server.DefaultIncomingConnectionHandler] Received finished message: org.gradle.launcher.daemon.protocol.Finished@7fd833de
13:40:55.555 [DEBUG] [org.gradle.launcher.daemon.server.SynchronizedDispatchConnection] thread 11: stopping connection
13:40:55.565 [DEBUG] [org.gradle.launcher.daemon.server.DefaultDaemonConnection] thread 12: Could not receive message from client.
org.gradle.internal.remote.internal.MessageIOException: Could not read message from '/0:0:0:0:0:0:0:1:35872'.
	at org.gradle.internal.remote.internal.inet.SocketConnection.receive(SocketConnection.java:85)
	at org.gradle.launcher.daemon.server.SynchronizedDispatchConnection.receive(SynchronizedDispatchConnection.java:68)
	at org.gradle.launcher.daemon.server.DefaultDaemonConnection$1.run(DefaultDaemonConnection.java:63)
	at org.gradle.internal.concurrent.ExecutorPolicy$CatchAndRecordFailures.onExecute(ExecutorPolicy.java:54)
	at org.gradle.internal.concurrent.StoppableExecutorImpl$1.run(StoppableExecutorImpl.java:40)
	at java.util.concurrent.ThreadPoolExecutor.runWorker(ThreadPoolExecutor.java:1142)
	at java.util.concurrent.ThreadPoolExecutor$Worker.run(ThreadPoolExecutor.java:617)
	at java.lang.Thread.run(Thread.java:748)
Caused by: com.esotericsoftware.kryo.KryoException: java.nio.channels.AsynchronousCloseException
	at com.esotericsoftware.kryo.io.Input.fill(Input.java:141)
	at com.esotericsoftware.kryo.io.Input.require(Input.java:159)
	at com.esotericsoftware.kryo.io.Input.readInt(Input.java:308)
	at org.gradle.internal.serialize.kryo.KryoBackedDecoder.readSmallInt(KryoBackedDecoder.java:120)
	at org.gradle.internal.serialize.DefaultSerializerRegistry$TaggedTypeSerializer.read(DefaultSerializerRegistry.java:129)
	at org.gradle.internal.serialize.Serializers$StatefulSerializerAdapter$1.read(Serializers.java:36)
	at org.gradle.internal.remote.internal.inet.SocketConnection.receive(SocketConnection.java:78)
	... 7 more
Caused by: java.nio.channels.AsynchronousCloseException
	at java.nio.channels.spi.AbstractInterruptibleChannel.end(AbstractInterruptibleChannel.java:205)
	at sun.nio.ch.SocketChannelImpl.read(SocketChannelImpl.java:407)
	at org.gradle.internal.remote.internal.inet.SocketConnection$SocketInputStream.read(SocketConnection.java:176)
	at com.esotericsoftware.kryo.io.Input.fill(Input.java:139)
	... 13 more
13:40:55.567 [DEBUG] [org.gradle.launcher.daemon.server.SynchronizedDispatchConnection] thread 11: stopping connection
